<?xml version="1.0" encoding="UTF-8"?>
<testsuite xmlns:xsi="http://www.w3.org/2001/XMLSchema-instance" xsi:noNamespaceSchemaLocation="https://maven.apache.org/surefire/maven-surefire-plugin/xsd/surefire-test-report-3.0.xsd" version="3.0" name="TestSuite" time="30.73" tests="9" errors="0" skipped="0" failures="0">
  <properties>
[...]
</properties>
  <testcase name="runScenario[&quot;Login with different sets of data&quot;, &quot;Log in to the website&quot;](3)" classname="testRunner.TestNgRunner" time="7.691">
    <system-out><![CDATA[13:17:03.564 [main] DEBUG c.a.c.service.ChainPluginService - Found configuration entry chaintest.generator.email.enabled, will use chaintest.generator.email.class-name to resolve class
13:17:03.570 [main] DEBUG c.a.c.service.ChainPluginService - Found configuration entry chaintest.generator.chainlp.enabled, will use chaintest.generator.chainlp.class-name to resolve class
13:17:03.572 [main] DEBUG c.a.c.service.ChainPluginService - Found configuration entry chaintest.generator.simple.enabled, will use chaintest.generator.simple.class-name to resolve class
13:17:03.574 [main] DEBUG c.a.c.generator.FileGenerator - Loading template index.ftl for class class com.aventstack.chaintest.generator.ChainTestEmailGenerator with basePackagePath email/
13:17:04.159 [main] DEBUG c.a.chaintest.http.HttpRetryHandler - Creating HttpRetryHandler instance for 3 retry attempts
13:17:04.222 [main] DEBUG c.a.c.http.ChainTestApiClient - Created request for entity Build with body: {"id":0,"projectId":0,"projectName":"automation-testng","startedAt":1740079024159,"endedAt":0,"durationMs":0,"executionStage":"IN_PROGRESS","testRunner":"testng","name":null,"result":"PASSED","tagStatsMonitor":{},"tags":[],"gitRepository":null,"gitBranch":null,"gitCommitHash":null,"gitTags":null,"gitCommitMessage":null,"systemInfo":[{"id":0,"name":"java.version","val":"22.0.1"},{"id":0,"name":"java.vm.name","val":"OpenJDK 64-Bit Server VM"},{"id":0,"name":"java.vm.vendor","val":"Eclipse Adoptium"},{"id":0,"name":"java.class.version","val":"66.0"},{"id":0,"name":"java.runtime.name","val":"OpenJDK Runtime Environment"},{"id":0,"name":"os.name","val":"Windows 11"},{"id":0,"name":"os.arch","val":"amd64"},{"id":0,"name":"os.version","val":"10.0"}],"durationPretty":"0ms","bdd":false}
13:17:04.279 [main] DEBUG c.a.chaintest.http.HttpRetryHandler - Failed to connect to the ChainTest service
java.net.ConnectException: null
	at java.net.http/jdk.internal.net.http.HttpClientImpl.send(HttpClientImpl.java:956)
	at java.net.http/jdk.internal.net.http.HttpClientFacade.send(HttpClientFacade.java:133)
	at com.aventstack.chaintest.http.ChainTestApiClient.send(ChainTestApiClient.java:150)
	at com.aventstack.chaintest.http.HttpRetryHandler.trySend(HttpRetryHandler.java:57)
	at com.aventstack.chaintest.http.HttpRetryHandler.trySend(HttpRetryHandler.java:90)
	at com.aventstack.chaintest.generator.ChainLPGenerator.start(ChainLPGenerator.java:96)
	at com.aventstack.chaintest.service.ChainPluginService.lambda$start$1(ChainPluginService.java:99)
	at java.base/java.util.stream.ForEachOps$ForEachOp$OfRef.accept(ForEachOps.java:184)
	at java.base/java.util.stream.ReferencePipeline$2$1.accept(ReferencePipeline.java:194)
	at java.base/java.util.ArrayList$ArrayListSpliterator.forEachRemaining(ArrayList.java:1709)
	at java.base/java.util.stream.AbstractPipeline.copyInto(AbstractPipeline.java:556)
	at java.base/java.util.stream.AbstractPipeline.wrapAndCopyInto(AbstractPipeline.java:546)
	at java.base/java.util.stream.ForEachOps$ForEachOp.evaluateSequential(ForEachOps.java:151)
	at java.base/java.util.stream.ForEachOps$ForEachOp$OfRef.evaluateSequential(ForEachOps.java:174)
	at java.base/java.util.stream.AbstractPipeline.evaluate(AbstractPipeline.java:265)
	at java.base/java.util.stream.ReferencePipeline.forEach(ReferencePipeline.java:611)
	at com.aventstack.chaintest.service.ChainPluginService.start(ChainPluginService.java:99)
	at utilities.chainTestListener.onExecutionStart(chainTestListener.java:65)
	at org.testng.TestNG.runExecutionListeners(TestNG.java:1129)
	at org.testng.TestNG.run(TestNG.java:1074)
	at org.apache.maven.surefire.testng.TestNGExecutor.run(TestNGExecutor.java:284)
	at org.apache.maven.surefire.testng.TestNGXmlTestSuite.execute(TestNGXmlTestSuite.java:75)
	at org.apache.maven.surefire.testng.TestNGProvider.invoke(TestNGProvider.java:119)
	at org.apache.maven.surefire.booter.ForkedBooter.runSuitesInProcess(ForkedBooter.java:428)
	at org.apache.maven.surefire.booter.ForkedBooter.execute(ForkedBooter.java:162)
	at org.apache.maven.surefire.booter.ForkedBooter.run(ForkedBooter.java:562)
	at org.apache.maven.surefire.booter.ForkedBooter.main(ForkedBooter.java:548)
Caused by: java.net.ConnectException: null
	at java.net.http/jdk.internal.net.http.common.Utils.toConnectException(Utils.java:1065)
	at java.net.http/jdk.internal.net.http.PlainHttpConnection.connectAsync(PlainHttpConnection.java:227)
	at java.net.http/jdk.internal.net.http.PlainHttpConnection.checkRetryConnect(PlainHttpConnection.java:280)
	at java.net.http/jdk.internal.net.http.PlainHttpConnection.lambda$connectAsync$2(PlainHttpConnection.java:238)
	at java.base/java.util.concurrent.CompletableFuture.uniHandle(CompletableFuture.java:934)
	at java.base/java.util.concurrent.CompletableFuture$UniHandle.tryFire(CompletableFuture.java:911)
	at java.base/java.util.concurrent.CompletableFuture.postComplete(CompletableFuture.java:510)
	at java.base/java.util.concurrent.CompletableFuture$AsyncSupply.run(CompletableFuture.java:1773)
	at java.base/java.util.concurrent.ThreadPoolExecutor.runWorker(ThreadPoolExecutor.java:1144)
	at java.base/java.util.concurrent.ThreadPoolExecutor$Worker.run(ThreadPoolExecutor.java:642)
	at java.base/java.lang.Thread.run(Thread.java:1570)
Caused by: java.nio.channels.ClosedChannelException: null
	at java.base/sun.nio.ch.SocketChannelImpl.ensureOpen(SocketChannelImpl.java:204)
	at java.base/sun.nio.ch.SocketChannelImpl.beginConnect(SocketChannelImpl.java:873)
	at java.base/sun.nio.ch.SocketChannelImpl.connect(SocketChannelImpl.java:961)
	at java.net.http/jdk.internal.net.http.PlainHttpConnection.lambda$connectAsync$1(PlainHttpConnection.java:210)
	at java.base/java.security.AccessController.doPrivileged(AccessController.java:571)
	at java.net.http/jdk.internal.net.http.PlainHttpConnection.connectAsync(PlainHttpConnection.java:212)
	... 9 common frames omitted
13:17:06.285 [main] DEBUG c.a.c.http.ChainTestApiClient - Created request for entity Build with body: {"id":0,"projectId":0,"projectName":"automation-testng","startedAt":1740079024159,"endedAt":0,"durationMs":0,"executionStage":"IN_PROGRESS","testRunner":"testng","name":null,"result":"PASSED","tagStatsMonitor":{},"tags":[],"gitRepository":null,"gitBranch":null,"gitCommitHash":null,"gitTags":null,"gitCommitMessage":null,"systemInfo":[{"id":0,"name":"java.version","val":"22.0.1"},{"id":0,"name":"java.vm.name","val":"OpenJDK 64-Bit Server VM"},{"id":0,"name":"java.vm.vendor","val":"Eclipse Adoptium"},{"id":0,"name":"java.class.version","val":"66.0"},{"id":0,"name":"java.runtime.name","val":"OpenJDK Runtime Environment"},{"id":0,"name":"os.name","val":"Windows 11"},{"id":0,"name":"os.arch","val":"amd64"},{"id":0,"name":"os.version","val":"10.0"}],"durationPretty":"0ms","bdd":false}
13:17:06.289 [main] DEBUG c.a.chaintest.http.HttpRetryHandler - Failed to connect to the ChainTest service
java.net.ConnectException: null
	at java.net.http/jdk.internal.net.http.HttpClientImpl.send(HttpClientImpl.java:956)
	at java.net.http/jdk.internal.net.http.HttpClientFacade.send(HttpClientFacade.java:133)
	at com.aventstack.chaintest.http.ChainTestApiClient.send(ChainTestApiClient.java:150)
	at com.aventstack.chaintest.http.HttpRetryHandler.trySend(HttpRetryHandler.java:57)
	at com.aventstack.chaintest.http.HttpRetryHandler.trySend(HttpRetryHandler.java:90)
	at com.aventstack.chaintest.generator.ChainLPGenerator.start(ChainLPGenerator.java:96)
	at com.aventstack.chaintest.service.ChainPluginService.lambda$start$1(ChainPluginService.java:99)
	at java.base/java.util.stream.ForEachOps$ForEachOp$OfRef.accept(ForEachOps.java:184)
	at java.base/java.util.stream.ReferencePipeline$2$1.accept(ReferencePipeline.java:194)
	at java.base/java.util.ArrayList$ArrayListSpliterator.forEachRemaining(ArrayList.java:1709)
	at java.base/java.util.stream.AbstractPipeline.copyInto(AbstractPipeline.java:556)
	at java.base/java.util.stream.AbstractPipeline.wrapAndCopyInto(AbstractPipeline.java:546)
	at java.base/java.util.stream.ForEachOps$ForEachOp.evaluateSequential(ForEachOps.java:151)
	at java.base/java.util.stream.ForEachOps$ForEachOp$OfRef.evaluateSequential(ForEachOps.java:174)
	at java.base/java.util.stream.AbstractPipeline.evaluate(AbstractPipeline.java:265)
	at java.base/java.util.stream.ReferencePipeline.forEach(ReferencePipeline.java:611)
	at com.aventstack.chaintest.service.ChainPluginService.start(ChainPluginService.java:99)
	at utilities.chainTestListener.onExecutionStart(chainTestListener.java:65)
	at org.testng.TestNG.runExecutionListeners(TestNG.java:1129)
	at org.testng.TestNG.run(TestNG.java:1074)
	at org.apache.maven.surefire.testng.TestNGExecutor.run(TestNGExecutor.java:284)
	at org.apache.maven.surefire.testng.TestNGXmlTestSuite.execute(TestNGXmlTestSuite.java:75)
	at org.apache.maven.surefire.testng.TestNGProvider.invoke(TestNGProvider.java:119)
	at org.apache.maven.surefire.booter.ForkedBooter.runSuitesInProcess(ForkedBooter.java:428)
	at org.apache.maven.surefire.booter.ForkedBooter.execute(ForkedBooter.java:162)
	at org.apache.maven.surefire.booter.ForkedBooter.run(ForkedBooter.java:562)
	at org.apache.maven.surefire.booter.ForkedBooter.main(ForkedBooter.java:548)
Caused by: java.net.ConnectException: null
	at java.net.http/jdk.internal.net.http.common.Utils.toConnectException(Utils.java:1065)
	at java.net.http/jdk.internal.net.http.PlainHttpConnection.connectAsync(PlainHttpConnection.java:227)
	at java.net.http/jdk.internal.net.http.PlainHttpConnection.checkRetryConnect(PlainHttpConnection.java:280)
	at java.net.http/jdk.internal.net.http.PlainHttpConnection.lambda$connectAsync$2(PlainHttpConnection.java:238)
	at java.base/java.util.concurrent.CompletableFuture.uniHandle(CompletableFuture.java:934)
	at java.base/java.util.concurrent.CompletableFuture$UniHandle.tryFire(CompletableFuture.java:911)
	at java.base/java.util.concurrent.CompletableFuture.postComplete(CompletableFuture.java:510)
	at java.base/java.util.concurrent.CompletableFuture$AsyncSupply.run(CompletableFuture.java:1773)
	at java.base/java.util.concurrent.ThreadPoolExecutor.runWorker(ThreadPoolExecutor.java:1144)
	at java.base/java.util.concurrent.ThreadPoolExecutor$Worker.run(ThreadPoolExecutor.java:642)
	at java.base/java.lang.Thread.run(Thread.java:1570)
Caused by: java.nio.channels.ClosedChannelException: null
	at java.base/sun.nio.ch.SocketChannelImpl.ensureOpen(SocketChannelImpl.java:204)
	at java.base/sun.nio.ch.SocketChannelImpl.beginConnect(SocketChannelImpl.java:873)
	at java.base/sun.nio.ch.SocketChannelImpl.connect(SocketChannelImpl.java:961)
	at java.net.http/jdk.internal.net.http.PlainHttpConnection.lambda$connectAsync$1(PlainHttpConnection.java:210)
	at java.base/java.security.AccessController.doPrivileged(AccessController.java:571)
	at java.net.http/jdk.internal.net.http.PlainHttpConnection.connectAsync(PlainHttpConnection.java:212)
	... 9 common frames omitted
13:17:08.299 [main] DEBUG c.a.c.http.ChainTestApiClient - Created request for entity Build with body: {"id":0,"projectId":0,"projectName":"automation-testng","startedAt":1740079024159,"endedAt":0,"durationMs":0,"executionStage":"IN_PROGRESS","testRunner":"testng","name":null,"result":"PASSED","tagStatsMonitor":{},"tags":[],"gitRepository":null,"gitBranch":null,"gitCommitHash":null,"gitTags":null,"gitCommitMessage":null,"systemInfo":[{"id":0,"name":"java.version","val":"22.0.1"},{"id":0,"name":"java.vm.name","val":"OpenJDK 64-Bit Server VM"},{"id":0,"name":"java.vm.vendor","val":"Eclipse Adoptium"},{"id":0,"name":"java.class.version","val":"66.0"},{"id":0,"name":"java.runtime.name","val":"OpenJDK Runtime Environment"},{"id":0,"name":"os.name","val":"Windows 11"},{"id":0,"name":"os.arch","val":"amd64"},{"id":0,"name":"os.version","val":"10.0"}],"durationPretty":"0ms","bdd":false}
13:17:08.305 [main] DEBUG c.a.chaintest.http.HttpRetryHandler - Failed to connect to the ChainTest service
java.net.ConnectException: null
	at java.net.http/jdk.internal.net.http.HttpClientImpl.send(HttpClientImpl.java:956)
	at java.net.http/jdk.internal.net.http.HttpClientFacade.send(HttpClientFacade.java:133)
	at com.aventstack.chaintest.http.ChainTestApiClient.send(ChainTestApiClient.java:150)
	at com.aventstack.chaintest.http.HttpRetryHandler.trySend(HttpRetryHandler.java:57)
	at com.aventstack.chaintest.http.HttpRetryHandler.trySend(HttpRetryHandler.java:90)
	at com.aventstack.chaintest.generator.ChainLPGenerator.start(ChainLPGenerator.java:96)
	at com.aventstack.chaintest.service.ChainPluginService.lambda$start$1(ChainPluginService.java:99)
	at java.base/java.util.stream.ForEachOps$ForEachOp$OfRef.accept(ForEachOps.java:184)
	at java.base/java.util.stream.ReferencePipeline$2$1.accept(ReferencePipeline.java:194)
	at java.base/java.util.ArrayList$ArrayListSpliterator.forEachRemaining(ArrayList.java:1709)
	at java.base/java.util.stream.AbstractPipeline.copyInto(AbstractPipeline.java:556)
	at java.base/java.util.stream.AbstractPipeline.wrapAndCopyInto(AbstractPipeline.java:546)
	at java.base/java.util.stream.ForEachOps$ForEachOp.evaluateSequential(ForEachOps.java:151)
	at java.base/java.util.stream.ForEachOps$ForEachOp$OfRef.evaluateSequential(ForEachOps.java:174)
	at java.base/java.util.stream.AbstractPipeline.evaluate(AbstractPipeline.java:265)
	at java.base/java.util.stream.ReferencePipeline.forEach(ReferencePipeline.java:611)
	at com.aventstack.chaintest.service.ChainPluginService.start(ChainPluginService.java:99)
	at utilities.chainTestListener.onExecutionStart(chainTestListener.java:65)
	at org.testng.TestNG.runExecutionListeners(TestNG.java:1129)
	at org.testng.TestNG.run(TestNG.java:1074)
	at org.apache.maven.surefire.testng.TestNGExecutor.run(TestNGExecutor.java:284)
	at org.apache.maven.surefire.testng.TestNGXmlTestSuite.execute(TestNGXmlTestSuite.java:75)
	at org.apache.maven.surefire.testng.TestNGProvider.invoke(TestNGProvider.java:119)
	at org.apache.maven.surefire.booter.ForkedBooter.runSuitesInProcess(ForkedBooter.java:428)
	at org.apache.maven.surefire.booter.ForkedBooter.execute(ForkedBooter.java:162)
	at org.apache.maven.surefire.booter.ForkedBooter.run(ForkedBooter.java:562)
	at org.apache.maven.surefire.booter.ForkedBooter.main(ForkedBooter.java:548)
Caused by: java.net.ConnectException: null
	at java.net.http/jdk.internal.net.http.common.Utils.toConnectException(Utils.java:1065)
	at java.net.http/jdk.internal.net.http.PlainHttpConnection.connectAsync(PlainHttpConnection.java:227)
	at java.net.http/jdk.internal.net.http.PlainHttpConnection.checkRetryConnect(PlainHttpConnection.java:280)
	at java.net.http/jdk.internal.net.http.PlainHttpConnection.lambda$connectAsync$2(PlainHttpConnection.java:238)
	at java.base/java.util.concurrent.CompletableFuture.uniHandle(CompletableFuture.java:934)
	at java.base/java.util.concurrent.CompletableFuture$UniHandle.tryFire(CompletableFuture.java:911)
	at java.base/java.util.concurrent.CompletableFuture.postComplete(CompletableFuture.java:510)
	at java.base/java.util.concurrent.CompletableFuture$AsyncSupply.run(CompletableFuture.java:1773)
	at java.base/java.util.concurrent.ThreadPoolExecutor.runWorker(ThreadPoolExecutor.java:1144)
	at java.base/java.util.concurrent.ThreadPoolExecutor$Worker.run(ThreadPoolExecutor.java:642)
	at java.base/java.lang.Thread.run(Thread.java:1570)
Caused by: java.nio.channels.ClosedChannelException: null
	at java.base/sun.nio.ch.SocketChannelImpl.ensureOpen(SocketChannelImpl.java:204)
	at java.base/sun.nio.ch.SocketChannelImpl.beginConnect(SocketChannelImpl.java:873)
	at java.base/sun.nio.ch.SocketChannelImpl.connect(SocketChannelImpl.java:961)
	at java.net.http/jdk.internal.net.http.PlainHttpConnection.lambda$connectAsync$1(PlainHttpConnection.java:210)
	at java.base/java.security.AccessController.doPrivileged(AccessController.java:571)
	at java.net.http/jdk.internal.net.http.PlainHttpConnection.connectAsync(PlainHttpConnection.java:212)
	... 9 common frames omitted
13:17:10.313 [main] DEBUG c.a.c.http.ChainTestApiClient - Created request for entity Build with body: {"id":0,"projectId":0,"projectName":"automation-testng","startedAt":1740079024159,"endedAt":0,"durationMs":0,"executionStage":"IN_PROGRESS","testRunner":"testng","name":null,"result":"PASSED","tagStatsMonitor":{},"tags":[],"gitRepository":null,"gitBranch":null,"gitCommitHash":null,"gitTags":null,"gitCommitMessage":null,"systemInfo":[{"id":0,"name":"java.version","val":"22.0.1"},{"id":0,"name":"java.vm.name","val":"OpenJDK 64-Bit Server VM"},{"id":0,"name":"java.vm.vendor","val":"Eclipse Adoptium"},{"id":0,"name":"java.class.version","val":"66.0"},{"id":0,"name":"java.runtime.name","val":"OpenJDK Runtime Environment"},{"id":0,"name":"os.name","val":"Windows 11"},{"id":0,"name":"os.arch","val":"amd64"},{"id":0,"name":"os.version","val":"10.0"}],"durationPretty":"0ms","bdd":false}
13:17:10.319 [main] DEBUG c.a.chaintest.http.HttpRetryHandler - Failed to connect to the ChainTest service
java.net.ConnectException: null
	at java.net.http/jdk.internal.net.http.HttpClientImpl.send(HttpClientImpl.java:956)
	at java.net.http/jdk.internal.net.http.HttpClientFacade.send(HttpClientFacade.java:133)
	at com.aventstack.chaintest.http.ChainTestApiClient.send(ChainTestApiClient.java:150)
	at com.aventstack.chaintest.http.HttpRetryHandler.trySend(HttpRetryHandler.java:57)
	at com.aventstack.chaintest.http.HttpRetryHandler.trySend(HttpRetryHandler.java:90)
	at com.aventstack.chaintest.generator.ChainLPGenerator.start(ChainLPGenerator.java:96)
	at com.aventstack.chaintest.service.ChainPluginService.lambda$start$1(ChainPluginService.java:99)
	at java.base/java.util.stream.ForEachOps$ForEachOp$OfRef.accept(ForEachOps.java:184)
	at java.base/java.util.stream.ReferencePipeline$2$1.accept(ReferencePipeline.java:194)
	at java.base/java.util.ArrayList$ArrayListSpliterator.forEachRemaining(ArrayList.java:1709)
	at java.base/java.util.stream.AbstractPipeline.copyInto(AbstractPipeline.java:556)
	at java.base/java.util.stream.AbstractPipeline.wrapAndCopyInto(AbstractPipeline.java:546)
	at java.base/java.util.stream.ForEachOps$ForEachOp.evaluateSequential(ForEachOps.java:151)
	at java.base/java.util.stream.ForEachOps$ForEachOp$OfRef.evaluateSequential(ForEachOps.java:174)
	at java.base/java.util.stream.AbstractPipeline.evaluate(AbstractPipeline.java:265)
	at java.base/java.util.stream.ReferencePipeline.forEach(ReferencePipeline.java:611)
	at com.aventstack.chaintest.service.ChainPluginService.start(ChainPluginService.java:99)
	at utilities.chainTestListener.onExecutionStart(chainTestListener.java:65)
	at org.testng.TestNG.runExecutionListeners(TestNG.java:1129)
	at org.testng.TestNG.run(TestNG.java:1074)
	at org.apache.maven.surefire.testng.TestNGExecutor.run(TestNGExecutor.java:284)
	at org.apache.maven.surefire.testng.TestNGXmlTestSuite.execute(TestNGXmlTestSuite.java:75)
	at org.apache.maven.surefire.testng.TestNGProvider.invoke(TestNGProvider.java:119)
	at org.apache.maven.surefire.booter.ForkedBooter.runSuitesInProcess(ForkedBooter.java:428)
	at org.apache.maven.surefire.booter.ForkedBooter.execute(ForkedBooter.java:162)
	at org.apache.maven.surefire.booter.ForkedBooter.run(ForkedBooter.java:562)
	at org.apache.maven.surefire.booter.ForkedBooter.main(ForkedBooter.java:548)
Caused by: java.net.ConnectException: null
	at java.net.http/jdk.internal.net.http.common.Utils.toConnectException(Utils.java:1065)
	at java.net.http/jdk.internal.net.http.PlainHttpConnection.connectAsync(PlainHttpConnection.java:227)
	at java.net.http/jdk.internal.net.http.PlainHttpConnection.checkRetryConnect(PlainHttpConnection.java:280)
	at java.net.http/jdk.internal.net.http.PlainHttpConnection.lambda$connectAsync$2(PlainHttpConnection.java:238)
	at java.base/java.util.concurrent.CompletableFuture.uniHandle(CompletableFuture.java:934)
	at java.base/java.util.concurrent.CompletableFuture.uniHandleStage(CompletableFuture.java:950)
	at java.base/java.util.concurrent.CompletableFuture.handle(CompletableFuture.java:2372)
	at java.net.http/jdk.internal.net.http.PlainHttpConnection.connectAsync(PlainHttpConnection.java:238)
	at java.net.http/jdk.internal.net.http.Http1Exchange.sendHeadersAsync(Http1Exchange.java:312)
	at java.net.http/jdk.internal.net.http.Exchange.lambda$responseAsyncImpl0$8(Exchange.java:567)
	at java.net.http/jdk.internal.net.http.Exchange.checkFor407(Exchange.java:447)
	at java.net.http/jdk.internal.net.http.Exchange.lambda$responseAsyncImpl0$9(Exchange.java:571)
	at java.base/java.util.concurrent.CompletableFuture.uniHandle(CompletableFuture.java:934)
	at java.base/java.util.concurrent.CompletableFuture.uniHandleStage(CompletableFuture.java:950)
	at java.base/java.util.concurrent.CompletableFuture.handle(CompletableFuture.java:2372)
	at java.net.http/jdk.internal.net.http.Exchange.responseAsyncImpl0(Exchange.java:571)
	at java.net.http/jdk.internal.net.http.Exchange.responseAsyncImpl(Exchange.java:423)
	at java.net.http/jdk.internal.net.http.Exchange.responseAsync(Exchange.java:415)
	at java.net.http/jdk.internal.net.http.MultiExchange.responseAsyncImpl(MultiExchange.java:445)
	at java.net.http/jdk.internal.net.http.MultiExchange.lambda$responseAsyncImpl$7(MultiExchange.java:487)
	at java.base/java.util.concurrent.CompletableFuture.uniHandle(CompletableFuture.java:934)
	at java.base/java.util.concurrent.CompletableFuture$UniHandle.tryFire(CompletableFuture.java:911)
	at java.base/java.util.concurrent.CompletableFuture.postComplete(CompletableFuture.java:510)
	at java.base/java.util.concurrent.CompletableFuture$AsyncSupply.run(CompletableFuture.java:1773)
	at java.base/java.util.concurrent.ThreadPoolExecutor.runWorker(ThreadPoolExecutor.java:1144)
	at java.base/java.util.concurrent.ThreadPoolExecutor$Worker.run(ThreadPoolExecutor.java:642)
	at java.base/java.lang.Thread.run(Thread.java:1570)
Caused by: java.nio.channels.ClosedChannelException: null
	at java.base/sun.nio.ch.SocketChannelImpl.ensureOpen(SocketChannelImpl.java:204)
	at java.base/sun.nio.ch.SocketChannelImpl.beginConnect(SocketChannelImpl.java:873)
	at java.base/sun.nio.ch.SocketChannelImpl.connect(SocketChannelImpl.java:961)
	at java.net.http/jdk.internal.net.http.PlainHttpConnection.lambda$connectAsync$1(PlainHttpConnection.java:210)
	at java.base/java.security.AccessController.doPrivileged(AccessController.java:571)
	at java.net.http/jdk.internal.net.http.PlainHttpConnection.connectAsync(PlainHttpConnection.java:212)
	... 25 common frames omitted
13:17:12.329 [main] DEBUG c.a.c.generator.FileGenerator - Loading template index.ftl for class class com.aventstack.chaintest.generator.ChainTestSimpleGenerator with basePackagePath simple

@login @sanity @smoke
Scenario: Login with credentails          # src/test/resources/features/Login.feature:9

@multiplelogin @regression @smoke
Scenario Outline: Login with different sets of data # src/test/resources/features/multipleLogin.feature:18

@multiplelogin @regression @smoke
Scenario Outline: Login with different sets of data # src/test/resources/features/multipleLogin.feature:19
[INFO ] 2025-02-20 13:17:13.745 [TestNG-PoolService-1] Loggerload - Get property BrowserType
[INFO ] 2025-02-20 13:17:13.745 [TestNG-PoolService-2] Loggerload - Get property BrowserType
[INFO ] 2025-02-20 13:17:13.745 [TestNG-PoolService-3] Loggerload - Get property BrowserType
Running scenario: Login with different sets of data
Running scenario: Login with different sets of data
Running scenario: Login with credentails
Starting ChromeDriver in Thread: 38
Starting ChromeDriver in Thread: 36
Starting ChromeDriver in Thread: 37
In Login Page
In Login Page
In Login Page
  Given I am in login page                          # stepDefinitions.LoginStepDefinition.i_am_in_login_page()
  Given I am in login page                # stepDefinitions.LoginStepDefinition.i_am_in_login_page()
  Given I am in login page                          # stepDefinitions.LoginStepDefinition.i_am_in_login_page()
Open nop commerce site
Open site: <website>
Open nop commerce site
Open site: <website>
Open nop commerce site
Open site: <website>
LoginStepDefinition_loginTestCase
LoginStepDefinition_loginTestCase
LoginStepDefinition_loginTestCase
  Given Open "<website>"                  # stepDefinitions.LoginStepDefinition.open(java.lang.String)
Enter credentials:
  Given Open "<website>"                            # stepDefinitions.LoginStepDefinition.open(java.lang.String)
Enter credentials:
  Given Open "<website>"                            # stepDefinitions.LoginStepDefinition.open(java.lang.String)
Enter credentials:
2025-02-20 13:17:19 INFO  LoginStepDefinition:48 - entering username:
2025-02-20 13:17:19 INFO  LoginStepDefinition:48 - entering username:
2025-02-20 13:17:19 INFO  LoginStepDefinition:48 - entering username:
2025-02-20 13:17:19 INFO  LoginStepDefinition:50 - entering password:
  And Enter "rekaharisri@gmail.com" and "admin@123" # stepDefinitions.LoginStepDefinition.enter_and(java.lang.String,java.lang.String)
2025-02-20 13:17:19 INFO  LoginStepDefinition:50 - entering password:
  And Enter "reka@gmail.com" and "admin@1"          # stepDefinitions.LoginStepDefinition.enter_and(java.lang.String,java.lang.String)
2025-02-20 13:17:19 INFO  LoginStepDefinition:50 - entering password:
  And Enter "<username>" and "<passowrd>" # stepDefinitions.LoginStepDefinition.enter_and(java.lang.String,java.lang.String)
  When Click login                        # stepDefinitions.LoginStepDefinition.click_login()
opening dashboard page:
  When Click login                                  # stepDefinitions.LoginStepDefinition.click_login()
[INFO ] 2025-02-20 13:17:20.536 [TestNG-PoolService-1] Loggerload - loging out of nop commerce 
2025-02-20 13:17:20 INFO  LoginStepDefinition:62 - loging out of nop commerce
loging out of nop commerce:
opening dashboard page:
[INFO ] 2025-02-20 13:17:20.538 [TestNG-PoolService-3] Loggerload - loging out of nop commerce 
  And User is logged in to the website    # stepDefinitions.LoginStepDefinition.user_is_logged_in_to_the_website()
2025-02-20 13:17:20 INFO  LoginStepDefinition:62 - loging out of nop commerce
loging out of nop commerce:
  And User is logged in to the website              # stepDefinitions.LoginStepDefinition.user_is_logged_in_to_the_website()
  When Click login                                  # stepDefinitions.LoginStepDefinition.click_login()
opening dashboard page:
[INFO ] 2025-02-20 13:17:20.548 [TestNG-PoolService-2] Loggerload - loging out of nop commerce 
2025-02-20 13:17:20 INFO  LoginStepDefinition:62 - loging out of nop commerce
loging out of nop commerce:
  And User is logged in to the website              # stepDefinitions.LoginStepDefinition.user_is_logged_in_to_the_website()
 successful login
 successful login
 successful login
  Then I validate the credentails                   # stepDefinitions.LoginStepDefinition.i_validate_the_credentails()
  Then I validate the credentails                   # stepDefinitions.LoginStepDefinition.i_validate_the_credentails()
  Then I validate the credentails         # stepDefinitions.LoginStepDefinition.i_validate_the_credentails()
]]></system-out>
    <system-err><![CDATA[Starting ChromeDriver 131.0.6778.85 (3d81e41b6f3ac8bcae63b32e8145c9eb0cd60a2d-refs/branch-heads/6778@{#2285}) on port 63988
OSntlayr tlioncga lC hcroonmneDercitveiro n1s3 a1r.e0 .6a7l7l8o.w8ed.
P5lea s(3e sede 8h1et41tps:b//6cf3hrac8ombedcaer6i3bv3e2re.c81h4r5c9oeb0cdm6iu0a2md.-roerfgs//sbercaunrictyh--choenasdisd/e6r7a78@t{i#o2n2s8 f5o}r)  soungg epsotrit o6n11s3 5o
nO keneplingy  lCochalr omecDroninevctieonrs a res aallowefd.e
.Plea
se see https://chromedriver.chromium.org/security-considerations for suggestions on keeping ChromeDriver safe.
ChromeDriver was started successfully on port 63988.
ChromeDriver was started successfully on port 61135.
Starting ChromeDriver 131.0.6778.85 (3d81e41b6f3ac8bcae63b32e8145c9eb0cd60a2d-refs/branch-heads/6778@{#2285}) on port 61009
Only local connections are allowed.
Please see https://chromedriver.chromium.org/security-considerations for suggestions on keeping ChromeDriver safe.
ChromeDriver was started successfully on port 61009.
[1740079036.173][WARNING]: This version of ChromeDriver has not been tested with Chrome version 132.
[1740079036.206][WARNING]: This version of ChromeDriver has not been tested with Chrome version 132.
[1740079036.270][WARNING]: This version of ChromeDriver has not been tested with Chrome version 132.
Feb 20, 2025 1:17:16 PM org.openqa.selenium.remote.ProtocolHandshake createSession
INFO: Detected dialect: W3C
Feb 20, 2025 1:17:16 PM org.openqa.selenium.remote.ProtocolHandshake createSession
INFO: Detected dialect: W3C
Feb 20, 2025 1:17:16 PM org.openqa.selenium.remote.ProtocolHandshake createSession
INFO: Detected dialect: W3C
Feb 20, 2025 1:17:16 PM org.openqa.selenium.devtools.CdpVersionFinder findNearestMatch
INFO: Found exact CDP implementation for version 132
Feb 20, 2025 1:17:16 PM org.openqa.selenium.devtools.CdpVersionFinder findNearestMatch
INFO: Found exact CDP implementation for version 132
Feb 20, 2025 1:17:16 PM org.openqa.selenium.devtools.CdpVersionFinder findNearestMatch
INFO: Found exact CDP implementation for version 132
]]></system-err>
  </testcase>
  <testcase name="runScenario[&quot;Login with different sets of data&quot;, &quot;Log in to the website&quot;](3)" classname="testRunner.TestNgRunner" time="7.692"/>
  <testcase name="runScenario[&quot;Login with different sets of data&quot;, &quot;Log in to the website&quot;](3)" classname="testRunner.TestNgRunner" time="5.006"/>
  <testcase name="runScenario[&quot;Login with credentails&quot;, &quot;Log in to the website&quot;](3)" classname="testRunner.TestNgRunner" time="7.692"/>
  <testcase name="runScenario[&quot;Login with credentails&quot;, &quot;Log in to the website&quot;](3)" classname="testRunner.TestNgRunner" time="5.494"/>
  <testcase name="runScenario[&quot;Login with credentails&quot;, &quot;Log in to the website&quot;](1)" classname="testRunner.TestNgRunner" time="4.897">
    <system-out><![CDATA[13:17:20.867 [TestNG-test-Test-1] DEBUG c.a.c.p.ChainTestCucumberListener - Scenario start: Login with credentails
13:17:20.868 [TestNG-test-Test-1] DEBUG c.a.c.p.ChainTestCucumberListener - Step starting: I am in login page
13:17:20.868 [TestNG-test-Test-1] DEBUG c.a.c.p.ChainTestCucumberListener - Step ending: Given I am in login page
13:17:20.868 [TestNG-test-Test-1] DEBUG c.a.c.p.ChainTestCucumberListener - Step starting: Open "<website>"
13:17:20.868 [TestNG-test-Test-1] DEBUG c.a.c.p.ChainTestCucumberListener - Step ending: Given Open "<website>"
13:17:20.868 [TestNG-test-Test-1] DEBUG c.a.c.p.ChainTestCucumberListener - Step starting: Enter "<username>" and "<passowrd>"
13:17:20.868 [TestNG-test-Test-1] DEBUG c.a.c.p.ChainTestCucumberListener - Step ending: And Enter "<username>" and "<passowrd>"
13:17:20.868 [TestNG-test-Test-1] DEBUG c.a.c.p.ChainTestCucumberListener - Step starting: Click login
13:17:20.868 [TestNG-test-Test-1] DEBUG c.a.c.p.ChainTestCucumberListener - Step ending: When Click login
13:17:20.868 [TestNG-test-Test-1] DEBUG c.a.c.p.ChainTestCucumberListener - Step starting: User is logged in to the website
13:17:20.868 [TestNG-test-Test-1] DEBUG c.a.c.p.ChainTestCucumberListener - Step ending: And User is logged in to the website
13:17:20.868 [TestNG-test-Test-1] DEBUG c.a.c.p.ChainTestCucumberListener - Step starting: I validate the credentails
13:17:20.868 [TestNG-test-Test-1] DEBUG c.a.c.p.ChainTestCucumberListener - Step ending: Then I validate the credentails
13:17:20.868 [TestNG-test-Test-1] DEBUG c.a.c.p.ChainTestCucumberListener - Scenario end: Login with credentails
13:17:20.869 [TestNG-test-Test-1] DEBUG c.a.c.p.ChainTestCucumberListener - Scenario start: Login with different sets of data
13:17:20.869 [TestNG-test-Test-1] DEBUG c.a.c.p.ChainTestCucumberListener - Step starting: I am in login page
13:17:20.869 [TestNG-test-Test-1] DEBUG c.a.c.p.ChainTestCucumberListener - Step ending: Given I am in login page
13:17:20.870 [TestNG-test-Test-1] DEBUG c.a.c.p.ChainTestCucumberListener - Step starting: Open "<website>"
13:17:20.870 [TestNG-test-Test-1] DEBUG c.a.c.p.ChainTestCucumberListener - Step ending: Given Open "<website>"
13:17:20.870 [TestNG-test-Test-1] DEBUG c.a.c.p.ChainTestCucumberListener - Step starting: Enter "reka@gmail.com" and "admin@1"
13:17:20.870 [TestNG-test-Test-1] DEBUG c.a.c.p.ChainTestCucumberListener - Step ending: And Enter "reka@gmail.com" and "admin@1"
13:17:20.870 [TestNG-test-Test-1] DEBUG c.a.c.p.ChainTestCucumberListener - Step starting: Click login
13:17:20.870 [TestNG-test-Test-1] DEBUG c.a.c.p.ChainTestCucumberListener - Step ending: When Click login
13:17:20.870 [TestNG-test-Test-1] DEBUG c.a.c.p.ChainTestCucumberListener - Step starting: User is logged in to the website
13:17:20.870 [TestNG-test-Test-1] DEBUG c.a.c.p.ChainTestCucumberListener - Step ending: And User is logged in to the website
13:17:20.870 [TestNG-test-Test-1] DEBUG c.a.c.p.ChainTestCucumberListener - Step starting: I validate the credentails
13:17:20.870 [TestNG-test-Test-1] DEBUG c.a.c.p.ChainTestCucumberListener - Step ending: Then I validate the credentails
13:17:20.870 [TestNG-test-Test-1] DEBUG c.a.c.p.ChainTestCucumberListener - Scenario end: Login with different sets of data
13:17:20.870 [TestNG-test-Test-1] DEBUG c.a.c.p.ChainTestCucumberListener - Scenario start: Login with different sets of data
13:17:20.870 [TestNG-test-Test-1] DEBUG c.a.c.p.ChainTestCucumberListener - Step starting: I am in login page
13:17:20.870 [TestNG-test-Test-1] DEBUG c.a.c.p.ChainTestCucumberListener - Step ending: Given I am in login page
13:17:20.870 [TestNG-test-Test-1] DEBUG c.a.c.p.ChainTestCucumberListener - Step starting: Open "<website>"
13:17:20.870 [TestNG-test-Test-1] DEBUG c.a.c.p.ChainTestCucumberListener - Step ending: Given Open "<website>"
13:17:20.870 [TestNG-test-Test-1] DEBUG c.a.c.p.ChainTestCucumberListener - Step starting: Enter "rekaharisri@gmail.com" and "admin@123"
13:17:20.870 [TestNG-test-Test-1] DEBUG c.a.c.p.ChainTestCucumberListener - Step ending: And Enter "rekaharisri@gmail.com" and "admin@123"
13:17:20.870 [TestNG-test-Test-1] DEBUG c.a.c.p.ChainTestCucumberListener - Step starting: Click login
13:17:20.870 [TestNG-test-Test-1] DEBUG c.a.c.p.ChainTestCucumberListener - Step ending: When Click login
13:17:20.870 [TestNG-test-Test-1] DEBUG c.a.c.p.ChainTestCucumberListener - Step starting: User is logged in to the website
13:17:20.870 [TestNG-test-Test-1] DEBUG c.a.c.p.ChainTestCucumberListener - Step ending: And User is logged in to the website
13:17:20.870 [TestNG-test-Test-1] DEBUG c.a.c.p.ChainTestCucumberListener - Step starting: I validate the credentails
13:17:20.870 [TestNG-test-Test-1] DEBUG c.a.c.p.ChainTestCucumberListener - Step ending: Then I validate the credentails
13:17:20.870 [TestNG-test-Test-1] DEBUG c.a.c.p.ChainTestCucumberListener - Scenario end: Login with different sets of data
13:17:20.877 [TestNG-test-Test-1] DEBUG c.a.c.p.ChainTestCucumberListener - Preparing to finalize and send Feature [Feature: Log in to the website]: file:///C:/Users/nreka/eclipse-workspace/BDD_Framework/src/test/resources/features/multipleLogin.feature
13:17:20.879 [TestNG-test-Test-1] DEBUG c.a.c.p.ChainTestCucumberListener - Preparing to finalize and send Feature [Feature: Log in to the website]: file:///C:/Users/nreka/eclipse-workspace/BDD_Framework/src/test/resources/features/Login.feature

@multiplelogin @regression @smoke
Scenario Outline: Login with different sets of data # src/test/resources/features/multipleLogin.feature:19

@multiplelogin @regression @smoke
Scenario Outline: Login with different sets of data # src/test/resources/features/multipleLogin.feature:18
[INFO ] 2025-02-20 13:17:22.682 [TestNG-PoolService-3] Loggerload - Get property BrowserType
[INFO ] 2025-02-20 13:17:22.683 [TestNG-PoolService-2] Loggerload - Get property BrowserType
Running scenario: Login with different sets of data

@login @sanity @smoke
Scenario: Login with credentails          # src/test/resources/features/Login.feature:9
Running scenario: Login with different sets of data
[INFO ] 2025-02-20 13:17:22.687 [TestNG-PoolService-1] Loggerload - Get property BrowserType
Running scenario: Login with credentails
Starting ChromeDriver in Thread: 82
Starting ChromeDriver in Thread: 84
Starting ChromeDriver in Thread: 83
In Login Page
  Given I am in login page                # stepDefinitions.LoginStepDefinition.i_am_in_login_page()
Open nop commerce site
Open site: <website>
In Login Page
  Given I am in login page                          # stepDefinitions.LoginStepDefinition.i_am_in_login_page()
Open nop commerce site
Open site: <website>
In Login Page
  Given I am in login page                          # stepDefinitions.LoginStepDefinition.i_am_in_login_page()
Open nop commerce site
Open site: <website>
LoginStepDefinition_loginTestCase
  Given Open "<website>"                  # stepDefinitions.LoginStepDefinition.open(java.lang.String)
Enter credentials:
LoginStepDefinition_loginTestCase
  Given Open "<website>"                            # stepDefinitions.LoginStepDefinition.open(java.lang.String)
Enter credentials:
2025-02-20 13:17:26 INFO  LoginStepDefinition:48 - entering username:
LoginStepDefinition_loginTestCase
  Given Open "<website>"                            # stepDefinitions.LoginStepDefinition.open(java.lang.String)
Enter credentials:
2025-02-20 13:17:26 INFO  LoginStepDefinition:50 - entering password:
  And Enter "<username>" and "<passowrd>" # stepDefinitions.LoginStepDefinition.enter_and(java.lang.String,java.lang.String)
2025-02-20 13:17:26 INFO  LoginStepDefinition:48 - entering username:
2025-02-20 13:17:26 INFO  LoginStepDefinition:48 - entering username:
2025-02-20 13:17:26 INFO  LoginStepDefinition:50 - entering password:
  And Enter "reka@gmail.com" and "admin@1"          # stepDefinitions.LoginStepDefinition.enter_and(java.lang.String,java.lang.String)
2025-02-20 13:17:26 INFO  LoginStepDefinition:50 - entering password:
  And Enter "rekaharisri@gmail.com" and "admin@123" # stepDefinitions.LoginStepDefinition.enter_and(java.lang.String,java.lang.String)
  When Click login                        # stepDefinitions.LoginStepDefinition.click_login()
opening dashboard page:
[INFO ] 2025-02-20 13:17:27.282 [TestNG-PoolService-1] Loggerload - loging out of nop commerce 
2025-02-20 13:17:27 INFO  LoginStepDefinition:62 - loging out of nop commerce
loging out of nop commerce:
  And User is logged in to the website    # stepDefinitions.LoginStepDefinition.user_is_logged_in_to_the_website()
 successful login
  Then I validate the credentails         # stepDefinitions.LoginStepDefinition.i_validate_the_credentails()
  When Click login                                  # stepDefinitions.LoginStepDefinition.click_login()
opening dashboard page:
[INFO ] 2025-02-20 13:17:27.422 [TestNG-PoolService-2] Loggerload - loging out of nop commerce 
2025-02-20 13:17:27 INFO  LoginStepDefinition:62 - loging out of nop commerce
loging out of nop commerce:
  And User is logged in to the website              # stepDefinitions.LoginStepDefinition.user_is_logged_in_to_the_website()
 successful login
  Then I validate the credentails                   # stepDefinitions.LoginStepDefinition.i_validate_the_credentails()
  When Click login                                  # stepDefinitions.LoginStepDefinition.click_login()
opening dashboard page:
[INFO ] 2025-02-20 13:17:27.457 [TestNG-PoolService-3] Loggerload - loging out of nop commerce 
2025-02-20 13:17:27 INFO  LoginStepDefinition:62 - loging out of nop commerce
loging out of nop commerce:
  And User is logged in to the website              # stepDefinitions.LoginStepDefinition.user_is_logged_in_to_the_website()
 successful login
  Then I validate the credentails                   # stepDefinitions.LoginStepDefinition.i_validate_the_credentails()
]]></system-out>
    <system-err><![CDATA[Feb 20, 2025 1:17:21 PM tech.grasshopper.pdf.PDFCucumberReport collectReportConfiguration
INFO: PDF report configuration YAML file not found. Using default settings.
Starting ChromeDriver 131.0.6778.85 (3d81e41b6f3ac8bcae63b32e8145c9eb0cd60a2d-refs/branch-heads/6778@{#2285}) on port 51443
Only local connections are allowed.
Please see https://chromedriver.chromium.org/security-considerations for suggestions on keeping ChromeDriver safe.
ChromeDriver was started successfully on port 51443.
Starting ChromeDriver 131.0.6778.85 (3d81e41b6f3ac8bcae63b32e8145c9eb0cd60a2d-refs/branch-heads/6778@{#2285}) on port 52938
Only local connections are allowed.
Please see https://chromedriver.chromium.org/security-considerations for suggestions on keeping ChromeDriver safe.
Starting ChromeDriver 131.0.6778.85 (3d81e41b6f3ac8bcae63b32e8145c9eb0cd60a2d-refs/branch-heads/6778@{#2285}) on port 53318
Only local connections are allowed.
Please see https://chromedriver.chromium.org/security-considerations for suggestions on keeping ChromeDriver safe.
ChromeDriver was started successfully on port 52938.
ChromeDriver was started successfully on port 53318.
[1740079043.404][WARNING]: This version of ChromeDriver has not been tested with Chrome version 132.
Feb 20, 2025 1:17:23 PM org.openqa.selenium.remote.ProtocolHandshake createSession
INFO: Detected dialect: W3C
Feb 20, 2025 1:17:23 PM org.openqa.selenium.devtools.CdpVersionFinder findNearestMatch
INFO: Found exact CDP implementation for version 132
[1740079043.489][WARNING]: This version of ChromeDriver has not been tested with Chrome version 132.
Feb 20, 2025 1:17:23 PM org.openqa.selenium.remote.ProtocolHandshake createSession
INFO: Detected dialect: W3C
Feb 20, 2025 1:17:23 PM org.openqa.selenium.devtools.CdpVersionFinder findNearestMatch
INFO: Found exact CDP implementation for version 132
[1740079043.547][WARNING]: This version of ChromeDriver has not been tested with Chrome version 132.
Feb 20, 2025 1:17:23 PM org.openqa.selenium.remote.ProtocolHandshake createSession
INFO: Detected dialect: W3C
Feb 20, 2025 1:17:23 PM org.openqa.selenium.devtools.CdpVersionFinder findNearestMatch
INFO: Found exact CDP implementation for version 132
]]></system-err>
  </testcase>
  <testcase name="runScenario[&quot;Login with different sets of data&quot;, &quot;Log in to the website&quot;](2)" classname="testRunner.TestNgRunner" time="4.974"/>
  <testcase name="runScenario[&quot;Login with different sets of data&quot;, &quot;Log in to the website&quot;](2)" classname="testRunner.TestNgRunner" time="5.439">
    <system-out><![CDATA[13:17:27.677 [TestNG-test-Chrome Testng-1] DEBUG c.a.c.p.ChainTestCucumberListener - Scenario start: Login with credentails
13:17:27.677 [TestNG-test-Chrome Testng-1] DEBUG c.a.c.p.ChainTestCucumberListener - Step starting: I am in login page
13:17:27.677 [TestNG-test-Chrome Testng-1] DEBUG c.a.c.p.ChainTestCucumberListener - Step ending: Given I am in login page
13:17:27.677 [TestNG-test-Chrome Testng-1] DEBUG c.a.c.p.ChainTestCucumberListener - Step starting: Open "<website>"
13:17:27.677 [TestNG-test-Chrome Testng-1] DEBUG c.a.c.p.ChainTestCucumberListener - Step ending: Given Open "<website>"
13:17:27.677 [TestNG-test-Chrome Testng-1] DEBUG c.a.c.p.ChainTestCucumberListener - Step starting: Enter "<username>" and "<passowrd>"
13:17:27.677 [TestNG-test-Chrome Testng-1] DEBUG c.a.c.p.ChainTestCucumberListener - Step ending: And Enter "<username>" and "<passowrd>"
13:17:27.677 [TestNG-test-Chrome Testng-1] DEBUG c.a.c.p.ChainTestCucumberListener - Step starting: Click login
13:17:27.677 [TestNG-test-Chrome Testng-1] DEBUG c.a.c.p.ChainTestCucumberListener - Step ending: When Click login
13:17:27.677 [TestNG-test-Chrome Testng-1] DEBUG c.a.c.p.ChainTestCucumberListener - Step starting: User is logged in to the website
13:17:27.677 [TestNG-test-Chrome Testng-1] DEBUG c.a.c.p.ChainTestCucumberListener - Step ending: And User is logged in to the website
13:17:27.677 [TestNG-test-Chrome Testng-1] DEBUG c.a.c.p.ChainTestCucumberListener - Step starting: I validate the credentails
13:17:27.678 [TestNG-test-Chrome Testng-1] DEBUG c.a.c.p.ChainTestCucumberListener - Step ending: Then I validate the credentails
13:17:27.678 [TestNG-test-Chrome Testng-1] DEBUG c.a.c.p.ChainTestCucumberListener - Scenario end: Login with credentails
13:17:27.678 [TestNG-test-Chrome Testng-1] DEBUG c.a.c.p.ChainTestCucumberListener - Scenario start: Login with different sets of data
13:17:27.678 [TestNG-test-Chrome Testng-1] DEBUG c.a.c.p.ChainTestCucumberListener - Step starting: I am in login page
13:17:27.678 [TestNG-test-Chrome Testng-1] DEBUG c.a.c.p.ChainTestCucumberListener - Step ending: Given I am in login page
13:17:27.678 [TestNG-test-Chrome Testng-1] DEBUG c.a.c.p.ChainTestCucumberListener - Step starting: Open "<website>"
13:17:27.678 [TestNG-test-Chrome Testng-1] DEBUG c.a.c.p.ChainTestCucumberListener - Step ending: Given Open "<website>"
13:17:27.678 [TestNG-test-Chrome Testng-1] DEBUG c.a.c.p.ChainTestCucumberListener - Step starting: Enter "reka@gmail.com" and "admin@1"
13:17:27.678 [TestNG-test-Chrome Testng-1] DEBUG c.a.c.p.ChainTestCucumberListener - Step ending: And Enter "reka@gmail.com" and "admin@1"
13:17:27.678 [TestNG-test-Chrome Testng-1] DEBUG c.a.c.p.ChainTestCucumberListener - Step starting: Click login
13:17:27.678 [TestNG-test-Chrome Testng-1] DEBUG c.a.c.p.ChainTestCucumberListener - Step ending: When Click login
13:17:27.678 [TestNG-test-Chrome Testng-1] DEBUG c.a.c.p.ChainTestCucumberListener - Step starting: User is logged in to the website
13:17:27.678 [TestNG-test-Chrome Testng-1] DEBUG c.a.c.p.ChainTestCucumberListener - Step ending: And User is logged in to the website
13:17:27.679 [TestNG-test-Chrome Testng-1] DEBUG c.a.c.p.ChainTestCucumberListener - Step starting: I validate the credentails
13:17:27.679 [TestNG-test-Chrome Testng-1] DEBUG c.a.c.p.ChainTestCucumberListener - Step ending: Then I validate the credentails
13:17:27.679 [TestNG-test-Chrome Testng-1] DEBUG c.a.c.p.ChainTestCucumberListener - Scenario end: Login with different sets of data
13:17:27.679 [TestNG-test-Chrome Testng-1] DEBUG c.a.c.p.ChainTestCucumberListener - Scenario start: Login with different sets of data
13:17:27.679 [TestNG-test-Chrome Testng-1] DEBUG c.a.c.p.ChainTestCucumberListener - Step starting: I am in login page
13:17:27.679 [TestNG-test-Chrome Testng-1] DEBUG c.a.c.p.ChainTestCucumberListener - Step ending: Given I am in login page
13:17:27.679 [TestNG-test-Chrome Testng-1] DEBUG c.a.c.p.ChainTestCucumberListener - Step starting: Open "<website>"
13:17:27.679 [TestNG-test-Chrome Testng-1] DEBUG c.a.c.p.ChainTestCucumberListener - Step ending: Given Open "<website>"
13:17:27.679 [TestNG-test-Chrome Testng-1] DEBUG c.a.c.p.ChainTestCucumberListener - Step starting: Enter "rekaharisri@gmail.com" and "admin@123"
13:17:27.679 [TestNG-test-Chrome Testng-1] DEBUG c.a.c.p.ChainTestCucumberListener - Step ending: And Enter "rekaharisri@gmail.com" and "admin@123"
13:17:27.679 [TestNG-test-Chrome Testng-1] DEBUG c.a.c.p.ChainTestCucumberListener - Step starting: Click login
13:17:27.679 [TestNG-test-Chrome Testng-1] DEBUG c.a.c.p.ChainTestCucumberListener - Step ending: When Click login
13:17:27.679 [TestNG-test-Chrome Testng-1] DEBUG c.a.c.p.ChainTestCucumberListener - Step starting: User is logged in to the website
13:17:27.679 [TestNG-test-Chrome Testng-1] DEBUG c.a.c.p.ChainTestCucumberListener - Step ending: And User is logged in to the website
13:17:27.679 [TestNG-test-Chrome Testng-1] DEBUG c.a.c.p.ChainTestCucumberListener - Step starting: I validate the credentails
13:17:27.679 [TestNG-test-Chrome Testng-1] DEBUG c.a.c.p.ChainTestCucumberListener - Step ending: Then I validate the credentails
13:17:27.679 [TestNG-test-Chrome Testng-1] DEBUG c.a.c.p.ChainTestCucumberListener - Scenario end: Login with different sets of data
13:17:27.680 [TestNG-test-Chrome Testng-1] DEBUG c.a.c.p.ChainTestCucumberListener - Preparing to finalize and send Feature [Feature: Log in to the website]: file:///C:/Users/nreka/eclipse-workspace/BDD_Framework/src/test/resources/features/multipleLogin.feature
13:17:27.680 [TestNG-test-Chrome Testng-1] DEBUG c.a.c.p.ChainTestCucumberListener - Preparing to finalize and send Feature [Feature: Log in to the website]: file:///C:/Users/nreka/eclipse-workspace/BDD_Framework/src/test/resources/features/Login.feature

@login @sanity @smoke
Scenario: Login with credentails          # src/test/resources/features/Login.feature:9

@multiplelogin @regression @smoke
Scenario Outline: Login with different sets of data # src/test/resources/features/multipleLogin.feature:19
[INFO ] 2025-02-20 13:17:28.087 [TestNG-PoolService-1] Loggerload - Get property BrowserType
Running scenario: Login with credentails
[INFO ] 2025-02-20 13:17:28.091 [TestNG-PoolService-3] Loggerload - Get property BrowserType
Running scenario: Login with different sets of data

@multiplelogin @regression @smoke
Scenario Outline: Login with different sets of data # src/test/resources/features/multipleLogin.feature:18
[INFO ] 2025-02-20 13:17:28.097 [TestNG-PoolService-2] Loggerload - Get property BrowserType
Running scenario: Login with different sets of data
Starting ChromeDriver in Thread: 116
Starting ChromeDriver in Thread: 118
Starting ChromeDriver in Thread: 117
In Login Page
  Given I am in login page                          # stepDefinitions.LoginStepDefinition.i_am_in_login_page()
Open nop commerce site
Open site: <website>
In Login Page
  Given I am in login page                          # stepDefinitions.LoginStepDefinition.i_am_in_login_page()
Open nop commerce site
Open site: <website>
In Login Page
  Given I am in login page                # stepDefinitions.LoginStepDefinition.i_am_in_login_page()
Open nop commerce site
Open site: <website>
LoginStepDefinition_loginTestCase
LoginStepDefinition_loginTestCase
  Given Open "<website>"                            # stepDefinitions.LoginStepDefinition.open(java.lang.String)
Enter credentials:
LoginStepDefinition_loginTestCase
  Given Open "<website>"                            # stepDefinitions.LoginStepDefinition.open(java.lang.String)
Enter credentials:
  Given Open "<website>"                  # stepDefinitions.LoginStepDefinition.open(java.lang.String)
Enter credentials:
2025-02-20 13:17:32 INFO  LoginStepDefinition:48 - entering username:
2025-02-20 13:17:32 INFO  LoginStepDefinition:48 - entering username:
2025-02-20 13:17:32 INFO  LoginStepDefinition:48 - entering username:
2025-02-20 13:17:32 INFO  LoginStepDefinition:50 - entering password:
  And Enter "reka@gmail.com" and "admin@1"          # stepDefinitions.LoginStepDefinition.enter_and(java.lang.String,java.lang.String)
2025-02-20 13:17:32 INFO  LoginStepDefinition:50 - entering password:
  And Enter "rekaharisri@gmail.com" and "admin@123" # stepDefinitions.LoginStepDefinition.enter_and(java.lang.String,java.lang.String)
2025-02-20 13:17:32 INFO  LoginStepDefinition:50 - entering password:
  And Enter "<username>" and "<passowrd>" # stepDefinitions.LoginStepDefinition.enter_and(java.lang.String,java.lang.String)
  When Click login                                  # stepDefinitions.LoginStepDefinition.click_login()
opening dashboard page:
[INFO ] 2025-02-20 13:17:33.206 [TestNG-PoolService-3] Loggerload - loging out of nop commerce 
2025-02-20 13:17:33 INFO  LoginStepDefinition:62 - loging out of nop commerce
loging out of nop commerce:
  When Click login                                  # stepDefinitions.LoginStepDefinition.click_login()
  And User is logged in to the website              # stepDefinitions.LoginStepDefinition.user_is_logged_in_to_the_website()
opening dashboard page:
[INFO ] 2025-02-20 13:17:33.213 [TestNG-PoolService-2] Loggerload - loging out of nop commerce 
2025-02-20 13:17:33 INFO  LoginStepDefinition:62 - loging out of nop commerce
loging out of nop commerce:
  And User is logged in to the website              # stepDefinitions.LoginStepDefinition.user_is_logged_in_to_the_website()
  When Click login                        # stepDefinitions.LoginStepDefinition.click_login()
opening dashboard page:
[INFO ] 2025-02-20 13:17:33.230 [TestNG-PoolService-1] Loggerload - loging out of nop commerce 
2025-02-20 13:17:33 INFO  LoginStepDefinition:62 - loging out of nop commerce
loging out of nop commerce:
  And User is logged in to the website    # stepDefinitions.LoginStepDefinition.user_is_logged_in_to_the_website()
 successful login
  Then I validate the credentails                   # stepDefinitions.LoginStepDefinition.i_validate_the_credentails()
 successful login
  Then I validate the credentails                   # stepDefinitions.LoginStepDefinition.i_validate_the_credentails()
 successful login
  Then I validate the credentails         # stepDefinitions.LoginStepDefinition.i_validate_the_credentails()
]]></system-out>
    <system-err><![CDATA[Feb 20, 2025 1:17:27 PM tech.grasshopper.pdf.PDFCucumberReport collectReportConfiguration
INFO: PDF report configuration YAML file not found. Using default settings.
Feb 20, 2025 1:17:28 PM tech.grasshopper.pdf.PDFCucumberReport createReport
SEVERE: An exception occurred
java.io.IOException: The TrueType font null does not contain a 'cmap' table
	at org.apache.fontbox.ttf.TrueTypeFont.getUnicodeCmapImpl(TrueTypeFont.java:562)
	at org.apache.fontbox.ttf.TrueTypeFont.getUnicodeCmapLookup(TrueTypeFont.java:542)
	at org.apache.fontbox.ttf.TrueTypeFont.getUnicodeCmapLookup(TrueTypeFont.java:528)
	at org.apache.fontbox.ttf.TTFSubsetter.<init>(TTFSubsetter.java:90)
	at org.apache.pdfbox.pdmodel.font.TrueTypeEmbedder.subset(TrueTypeEmbedder.java:347)
	at org.apache.pdfbox.pdmodel.font.PDType0Font.subset(PDType0Font.java:263)
	at org.apache.pdfbox.pdmodel.PDDocument.save(PDDocument.java:1369)
	at org.apache.pdfbox.pdmodel.PDDocument.save(PDDocument.java:1344)
	at tech.grasshopper.pdf.PDFCucumberReport.createReport(PDFCucumberReport.java:133)
	at tech.grasshopper.pdf.extent.ExtentPDFCucumberReporter.flush(ExtentPDFCucumberReporter.java:95)
	at tech.grasshopper.pdf.extent.ExtentPDFCucumberReporter$1.onNext(ExtentPDFCucumberReporter.java:69)
	at tech.grasshopper.pdf.extent.ExtentPDFCucumberReporter$1.onNext(ExtentPDFCucumberReporter.java:62)
	at io.reactivex.rxjava3.subjects.PublishSubject$PublishDisposable.onNext(PublishSubject.java:310)
	at io.reactivex.rxjava3.subjects.PublishSubject.onNext(PublishSubject.java:226)
	at com.aventstack.extentreports.ReactiveSubject.onFlush(ReactiveSubject.java:83)
	at com.aventstack.extentreports.AbstractProcessor.onFlush(AbstractProcessor.java:85)
	at com.aventstack.extentreports.ExtentReports.flush(ExtentReports.java:279)
	at com.aventstack.extentreports.cucumber.adapter.ExtentCucumberAdapter.finishReport(ExtentCucumberAdapter.java:300)
	at com.aventstack.extentreports.cucumber.adapter.ExtentCucumberAdapter.access$600(ExtentCucumberAdapter.java:62)
	at com.aventstack.extentreports.cucumber.adapter.ExtentCucumberAdapter$8.receive(ExtentCucumberAdapter.java:136)
	at com.aventstack.extentreports.cucumber.adapter.ExtentCucumberAdapter$8.receive(ExtentCucumberAdapter.java:133)
	at io.cucumber.core.eventbus.AbstractEventPublisher.send(AbstractEventPublisher.java:51)
	at io.cucumber.core.eventbus.AbstractEventBus.send(AbstractEventBus.java:12)
	at io.cucumber.core.runtime.SynchronizedEventBus.send(SynchronizedEventBus.java:47)
	at io.cucumber.core.runtime.CucumberExecutionContext.emitTestRunFinished(CucumberExecutionContext.java:117)
	at io.cucumber.core.runtime.CucumberExecutionContext.finishTestRun(CucumberExecutionContext.java:104)
	at io.cucumber.testng.TestNGCucumberRunner.finish(TestNGCucumberRunner.java:145)
	at io.cucumber.testng.AbstractTestNGCucumberTests.tearDownClass(AbstractTestNGCucumberTests.java:57)
	at java.base/jdk.internal.reflect.DirectMethodHandleAccessor.invoke(DirectMethodHandleAccessor.java:103)
	at java.base/java.lang.reflect.Method.invoke(Method.java:580)
	at org.testng.internal.invokers.MethodInvocationHelper.invokeMethod(MethodInvocationHelper.java:141)
	at org.testng.internal.invokers.MethodInvocationHelper.invokeMethodConsideringTimeout(MethodInvocationHelper.java:71)
	at org.testng.internal.invokers.ConfigInvoker.invokeConfigurationMethod(ConfigInvoker.java:400)
	at org.testng.internal.invokers.ConfigInvoker.invokeConfigurations(ConfigInvoker.java:333)
	at org.testng.internal.invokers.TestMethodWorker.invokeAfterClassConfigurations(TestMethodWorker.java:238)
	at org.testng.internal.invokers.TestMethodWorker.invokeAfterClassMethods(TestMethodWorker.java:223)
	at org.testng.internal.invokers.TestMethodWorker.run(TestMethodWorker.java:137)
	at java.base/java.util.concurrent.Executors$RunnableAdapter.call(Executors.java:572)
	at java.base/java.util.concurrent.FutureTask.run(FutureTask.java:317)
	at org.testng.internal.thread.graph.TestNGFutureTask.run(TestNGFutureTask.java:22)
	at java.base/java.util.concurrent.ThreadPoolExecutor.runWorker(ThreadPoolExecutor.java:1144)
	at java.base/java.util.concurrent.ThreadPoolExecutor$Worker.run(ThreadPoolExecutor.java:642)
	at java.base/java.lang.Thread.run(Thread.java:1570)

Feb 20, 2025 1:17:28 PM tech.grasshopper.pdf.extent.ExtentPDFCucumberReporter flush
SEVERE: An exception occurred
tech.grasshopper.pdf.exception.PdfReportException: java.io.IOException: The TrueType font null does not contain a 'cmap' table
	at tech.grasshopper.pdf.PDFCucumberReport.createReport(PDFCucumberReport.java:137)
	at tech.grasshopper.pdf.extent.ExtentPDFCucumberReporter.flush(ExtentPDFCucumberReporter.java:95)
	at tech.grasshopper.pdf.extent.ExtentPDFCucumberReporter$1.onNext(ExtentPDFCucumberReporter.java:69)
	at tech.grasshopper.pdf.extent.ExtentPDFCucumberReporter$1.onNext(ExtentPDFCucumberReporter.java:62)
	at io.reactivex.rxjava3.subjects.PublishSubject$PublishDisposable.onNext(PublishSubject.java:310)
	at io.reactivex.rxjava3.subjects.PublishSubject.onNext(PublishSubject.java:226)
	at com.aventstack.extentreports.ReactiveSubject.onFlush(ReactiveSubject.java:83)
	at com.aventstack.extentreports.AbstractProcessor.onFlush(AbstractProcessor.java:85)
	at com.aventstack.extentreports.ExtentReports.flush(ExtentReports.java:279)
	at com.aventstack.extentreports.cucumber.adapter.ExtentCucumberAdapter.finishReport(ExtentCucumberAdapter.java:300)
	at com.aventstack.extentreports.cucumber.adapter.ExtentCucumberAdapter.access$600(ExtentCucumberAdapter.java:62)
	at com.aventstack.extentreports.cucumber.adapter.ExtentCucumberAdapter$8.receive(ExtentCucumberAdapter.java:136)
	at com.aventstack.extentreports.cucumber.adapter.ExtentCucumberAdapter$8.receive(ExtentCucumberAdapter.java:133)
	at io.cucumber.core.eventbus.AbstractEventPublisher.send(AbstractEventPublisher.java:51)
	at io.cucumber.core.eventbus.AbstractEventBus.send(AbstractEventBus.java:12)
	at io.cucumber.core.runtime.SynchronizedEventBus.send(SynchronizedEventBus.java:47)
	at io.cucumber.core.runtime.CucumberExecutionContext.emitTestRunFinished(CucumberExecutionContext.java:117)
	at io.cucumber.core.runtime.CucumberExecutionContext.finishTestRun(CucumberExecutionContext.java:104)
	at io.cucumber.testng.TestNGCucumberRunner.finish(TestNGCucumberRunner.java:145)
	at io.cucumber.testng.AbstractTestNGCucumberTests.tearDownClass(AbstractTestNGCucumberTests.java:57)
	at java.base/jdk.internal.reflect.DirectMethodHandleAccessor.invoke(DirectMethodHandleAccessor.java:103)
	at java.base/java.lang.reflect.Method.invoke(Method.java:580)
	at org.testng.internal.invokers.MethodInvocationHelper.invokeMethod(MethodInvocationHelper.java:141)
	at org.testng.internal.invokers.MethodInvocationHelper.invokeMethodConsideringTimeout(MethodInvocationHelper.java:71)
	at org.testng.internal.invokers.ConfigInvoker.invokeConfigurationMethod(ConfigInvoker.java:400)
	at org.testng.internal.invokers.ConfigInvoker.invokeConfigurations(ConfigInvoker.java:333)
	at org.testng.internal.invokers.TestMethodWorker.invokeAfterClassConfigurations(TestMethodWorker.java:238)
	at org.testng.internal.invokers.TestMethodWorker.invokeAfterClassMethods(TestMethodWorker.java:223)
	at org.testng.internal.invokers.TestMethodWorker.run(TestMethodWorker.java:137)
	at java.base/java.util.concurrent.Executors$RunnableAdapter.call(Executors.java:572)
	at java.base/java.util.concurrent.FutureTask.run(FutureTask.java:317)
	at org.testng.internal.thread.graph.TestNGFutureTask.run(TestNGFutureTask.java:22)
	at java.base/java.util.concurrent.ThreadPoolExecutor.runWorker(ThreadPoolExecutor.java:1144)
	at java.base/java.util.concurrent.ThreadPoolExecutor$Worker.run(ThreadPoolExecutor.java:642)
	at java.base/java.lang.Thread.run(Thread.java:1570)
Caused by: java.io.IOException: The TrueType font null does not contain a 'cmap' table
	at org.apache.fontbox.ttf.TrueTypeFont.getUnicodeCmapImpl(TrueTypeFont.java:562)
	at org.apache.fontbox.ttf.TrueTypeFont.getUnicodeCmapLookup(TrueTypeFont.java:542)
	at org.apache.fontbox.ttf.TrueTypeFont.getUnicodeCmapLookup(TrueTypeFont.java:528)
	at org.apache.fontbox.ttf.TTFSubsetter.<init>(TTFSubsetter.java:90)
	at org.apache.pdfbox.pdmodel.font.TrueTypeEmbedder.subset(TrueTypeEmbedder.java:347)
	at org.apache.pdfbox.pdmodel.font.PDType0Font.subset(PDType0Font.java:263)
	at org.apache.pdfbox.pdmodel.PDDocument.save(PDDocument.java:1369)
	at org.apache.pdfbox.pdmodel.PDDocument.save(PDDocument.java:1344)
	at tech.grasshopper.pdf.PDFCucumberReport.createReport(PDFCucumberReport.java:133)
	... 34 more

Starting ChromeDriver 131.0.6778.85 (3d81e41b6f3ac8bcae63b32e8145c9eb0cd60a2d-refs/branch-heads/6778@{#2285}) on port 63787
Only local connections are allowed.
Please see https://chromedriver.chromium.org/security-considerations for suggestions on keeping ChromeDriver safe.
Starting ChromeDriver 131.0.6778.85 (3d81e41b6f3ac8bcae63b32e8145c9eb0cd60a2d-refs/branch-heads/6778@{#2285}) on port 58351
Only local connections are allowed.
Please see https://chromedriver.chromium.org/security-considerations for suggestions on keeping ChromeDriver safe.
ChromeDriver was started successfully on port 63787.
ChromeDriver was started successfully on port 58351.
Starting ChromeDriver 131.0.6778.85 (3d81e41b6f3ac8bcae63b32e8145c9eb0cd60a2d-refs/branch-heads/6778@{#2285}) on port 58548
Only local connections are allowed.
Please see https://chromedriver.chromium.org/security-considerations for suggestions on keeping ChromeDriver safe.
ChromeDriver was started successfully on port 58548.
[1740079049.152][WARNING]: This version of ChromeDriver has not been tested with Chrome version 132.
[1740079049.154][WARNING]: This version of ChromeDriver has not been tested with Chrome version 132.
[1740079049.170][WARNING]: This version of ChromeDriver has not been tested with Chrome version 132.
Feb 20, 2025 1:17:29 PM org.openqa.selenium.remote.ProtocolHandshake createSession
INFO: Detected dialect: W3C
Feb 20, 2025 1:17:29 PM org.openqa.selenium.remote.ProtocolHandshake createSession
INFO: Detected dialect: W3C
Feb 20, 2025 1:17:29 PM org.openqa.selenium.remote.ProtocolHandshake createSession
INFO: Detected dialect: W3C
Feb 20, 2025 1:17:29 PM org.openqa.selenium.devtools.CdpVersionFinder findNearestMatch
INFO: Found exact CDP implementation for version 132
Feb 20, 2025 1:17:29 PM org.openqa.selenium.devtools.CdpVersionFinder findNearestMatch
INFO: Found exact CDP implementation for version 132
Feb 20, 2025 1:17:29 PM org.openqa.selenium.devtools.CdpVersionFinder findNearestMatch
INFO: Found exact CDP implementation for version 132
]]></system-err>
  </testcase>
  <testcase name="runScenario[&quot;Login with different sets of data&quot;, &quot;Log in to the website&quot;](2)" classname="testRunner.TestNgRunner" time="5.439"/>
</testsuite>