<?xml version="1.0" encoding="UTF-8"?>
<testng-results ignored="0" total="9" passed="9" failed="0" skipped="0">
  <reporter-output>
  </reporter-output>
  <suite started-at="2025-02-20T13:17:12 CST" name="Suite" finished-at="2025-02-20T13:17:22 CST" duration-ms="10075">
    <groups>
      <group name="cucumber">
        <method signature="AbstractTestNGCucumberTests.runScenario(io.cucumber.testng.PickleWrapper,io.cucumber.testng.FeatureWrapper)[pri:0, instance:testRunner.TestNgRunner@6b8280e6]" name="runScenario" class="io.cucumber.testng.AbstractTestNGCucumberTests"/>
      </group> <!-- cucumber -->
    </groups>
    <test started-at="2025-02-20T13:17:12 CST" name="Test" finished-at="2025-02-20T13:17:22 CST" duration-ms="10075">
      <class name="testRunner.TestNgRunner">
        <test-method is-config="true" signature="setUpClass(org.testng.ITestContext)[pri:0, instance:testRunner.TestNgRunner@6b8280e6]" started-at="2025-02-20T13:17:12 CST" name="setUpClass" finished-at="2025-02-20T13:17:13 CST" duration-ms="604" status="PASS">
          <params>
            <param index="0">
              <value>
                <![CDATA[org.testng.TestRunner@3374b5bc]]>
              </value>
            </param>
          </params>
          <reporter-output>
          </reporter-output>
        </test-method> <!-- setUpClass -->
        <test-method signature="runScenario(io.cucumber.testng.PickleWrapper,io.cucumber.testng.FeatureWrapper)[pri:0, instance:testRunner.TestNgRunner@6b8280e6]" started-at="2025-02-20T13:17:13 CST" name="runScenario" description="Runs Cucumber Scenarios" data-provider="scenarios" finished-at="2025-02-20T13:17:20 CST" duration-ms="7654" status="PASS">
          <params>
            <param index="0">
              <value>
                <![CDATA["Login with different sets of data"]]>
              </value>
            </param>
            <param index="1">
              <value>
                <![CDATA["Log in to the website"]]>
              </value>
            </param>
          </params>
          <reporter-output>
          </reporter-output>
        </test-method> <!-- runScenario -->
        <test-method signature="runScenario(io.cucumber.testng.PickleWrapper,io.cucumber.testng.FeatureWrapper)[pri:0, instance:testRunner.TestNgRunner@6b8280e6]" started-at="2025-02-20T13:17:13 CST" name="runScenario" description="Runs Cucumber Scenarios" data-provider="scenarios" finished-at="2025-02-20T13:17:20 CST" duration-ms="7654" status="PASS">
          <params>
            <param index="0">
              <value>
                <![CDATA["Login with different sets of data"]]>
              </value>
            </param>
            <param index="1">
              <value>
                <![CDATA["Log in to the website"]]>
              </value>
            </param>
          </params>
          <reporter-output>
          </reporter-output>
        </test-method> <!-- runScenario -->
        <test-method signature="runScenario(io.cucumber.testng.PickleWrapper,io.cucumber.testng.FeatureWrapper)[pri:0, instance:testRunner.TestNgRunner@6b8280e6]" started-at="2025-02-20T13:17:13 CST" name="runScenario" description="Runs Cucumber Scenarios" data-provider="scenarios" finished-at="2025-02-20T13:17:20 CST" duration-ms="7643" status="PASS">
          <params>
            <param index="0">
              <value>
                <![CDATA["Login with credentails"]]>
              </value>
            </param>
            <param index="1">
              <value>
                <![CDATA["Log in to the website"]]>
              </value>
            </param>
          </params>
          <reporter-output>
          </reporter-output>
        </test-method> <!-- runScenario -->
        <test-method is-config="true" signature="tearDownClass()[pri:0, instance:testRunner.TestNgRunner@6b8280e6]" started-at="2025-02-20T13:17:20 CST" name="tearDownClass" finished-at="2025-02-20T13:17:22 CST" duration-ms="1709" status="PASS">
          <reporter-output>
          </reporter-output>
        </test-method> <!-- tearDownClass -->
      </class> <!-- testRunner.TestNgRunner -->
    </test> <!-- Test -->
  </suite> <!-- Suite -->
  <suite started-at="2025-02-20T13:17:22 CST" name="Suite (0)" finished-at="2025-02-20T13:17:33 CST" duration-ms="11000">
    <groups>
      <group name="cucumber">
        <method signature="AbstractTestNGCucumberTests.runScenario(io.cucumber.testng.PickleWrapper,io.cucumber.testng.FeatureWrapper)[pri:0, instance:testRunner.TestNgRunner@28737371]" name="runScenario" class="io.cucumber.testng.AbstractTestNGCucumberTests"/>
        <method signature="AbstractTestNGCucumberTests.runScenario(io.cucumber.testng.PickleWrapper,io.cucumber.testng.FeatureWrapper)[pri:0, instance:testRunner.TestNgRunner@760245e1]" name="runScenario" class="io.cucumber.testng.AbstractTestNGCucumberTests"/>
      </group> <!-- cucumber -->
    </groups>
    <test started-at="2025-02-20T13:17:22 CST" name="Chrome Testng" finished-at="2025-02-20T13:17:28 CST" duration-ms="5429">
      <class name="testRunner.TestNgRunner">
        <test-method is-config="true" signature="setUpClass(org.testng.ITestContext)[pri:0, instance:testRunner.TestNgRunner@28737371]" started-at="2025-02-20T13:17:22 CST" name="setUpClass" finished-at="2025-02-20T13:17:22 CST" duration-ms="34" status="PASS">
          <params>
            <param index="0">
              <value>
                <![CDATA[org.testng.TestRunner@2af69643]]>
              </value>
            </param>
          </params>
          <reporter-output>
          </reporter-output>
        </test-method> <!-- setUpClass -->
        <test-method signature="runScenario(io.cucumber.testng.PickleWrapper,io.cucumber.testng.FeatureWrapper)[pri:0, instance:testRunner.TestNgRunner@28737371]" started-at="2025-02-20T13:17:22 CST" name="runScenario" description="Runs Cucumber Scenarios" data-provider="scenarios" finished-at="2025-02-20T13:17:27 CST" duration-ms="4976" status="PASS">
          <params>
            <param index="0">
              <value>
                <![CDATA["Login with different sets of data"]]>
              </value>
            </param>
            <param index="1">
              <value>
                <![CDATA["Log in to the website"]]>
              </value>
            </param>
          </params>
          <reporter-output>
          </reporter-output>
        </test-method> <!-- runScenario -->
        <test-method signature="runScenario(io.cucumber.testng.PickleWrapper,io.cucumber.testng.FeatureWrapper)[pri:0, instance:testRunner.TestNgRunner@28737371]" started-at="2025-02-20T13:17:22 CST" name="runScenario" description="Runs Cucumber Scenarios" data-provider="scenarios" finished-at="2025-02-20T13:17:27 CST" duration-ms="5008" status="PASS">
          <params>
            <param index="0">
              <value>
                <![CDATA["Login with different sets of data"]]>
              </value>
            </param>
            <param index="1">
              <value>
                <![CDATA["Log in to the website"]]>
              </value>
            </param>
          </params>
          <reporter-output>
          </reporter-output>
        </test-method> <!-- runScenario -->
        <test-method signature="runScenario(io.cucumber.testng.PickleWrapper,io.cucumber.testng.FeatureWrapper)[pri:0, instance:testRunner.TestNgRunner@28737371]" started-at="2025-02-20T13:17:22 CST" name="runScenario" description="Runs Cucumber Scenarios" data-provider="scenarios" finished-at="2025-02-20T13:17:27 CST" duration-ms="4898" status="PASS">
          <params>
            <param index="0">
              <value>
                <![CDATA["Login with credentails"]]>
              </value>
            </param>
            <param index="1">
              <value>
                <![CDATA["Log in to the website"]]>
              </value>
            </param>
          </params>
          <reporter-output>
          </reporter-output>
        </test-method> <!-- runScenario -->
        <test-method is-config="true" signature="tearDownClass()[pri:0, instance:testRunner.TestNgRunner@28737371]" started-at="2025-02-20T13:17:27 CST" name="tearDownClass" finished-at="2025-02-20T13:17:28 CST" duration-ms="381" status="PASS">
          <reporter-output>
          </reporter-output>
        </test-method> <!-- tearDownClass -->
      </class> <!-- testRunner.TestNgRunner -->
    </test> <!-- Chrome Testng -->
    <test started-at="2025-02-20T13:17:28 CST" name="Edge Testng" finished-at="2025-02-20T13:17:33 CST" duration-ms="5564">
      <class name="testRunner.TestNgRunner">
        <test-method is-config="true" signature="setUpClass(org.testng.ITestContext)[pri:0, instance:testRunner.TestNgRunner@760245e1]" started-at="2025-02-20T13:17:28 CST" name="setUpClass" finished-at="2025-02-20T13:17:28 CST" duration-ms="12" status="PASS">
          <params>
            <param index="0">
              <value>
                <![CDATA[org.testng.TestRunner@587a1cfb]]>
              </value>
            </param>
          </params>
          <reporter-output>
          </reporter-output>
        </test-method> <!-- setUpClass -->
        <test-method signature="runScenario(io.cucumber.testng.PickleWrapper,io.cucumber.testng.FeatureWrapper)[pri:0, instance:testRunner.TestNgRunner@760245e1]" started-at="2025-02-20T13:17:28 CST" name="runScenario" description="Runs Cucumber Scenarios" data-provider="scenarios" finished-at="2025-02-20T13:17:33 CST" duration-ms="5428" status="PASS">
          <params>
            <param index="0">
              <value>
                <![CDATA["Login with different sets of data"]]>
              </value>
            </param>
            <param index="1">
              <value>
                <![CDATA["Log in to the website"]]>
              </value>
            </param>
          </params>
          <reporter-output>
          </reporter-output>
        </test-method> <!-- runScenario -->
        <test-method signature="runScenario(io.cucumber.testng.PickleWrapper,io.cucumber.testng.FeatureWrapper)[pri:0, instance:testRunner.TestNgRunner@760245e1]" started-at="2025-02-20T13:17:28 CST" name="runScenario" description="Runs Cucumber Scenarios" data-provider="scenarios" finished-at="2025-02-20T13:17:33 CST" duration-ms="5428" status="PASS">
          <params>
            <param index="0">
              <value>
                <![CDATA["Login with different sets of data"]]>
              </value>
            </param>
            <param index="1">
              <value>
                <![CDATA["Log in to the website"]]>
              </value>
            </param>
          </params>
          <reporter-output>
          </reporter-output>
        </test-method> <!-- runScenario -->
        <test-method signature="runScenario(io.cucumber.testng.PickleWrapper,io.cucumber.testng.FeatureWrapper)[pri:0, instance:testRunner.TestNgRunner@760245e1]" started-at="2025-02-20T13:17:28 CST" name="runScenario" description="Runs Cucumber Scenarios" data-provider="scenarios" finished-at="2025-02-20T13:17:33 CST" duration-ms="5493" status="PASS">
          <params>
            <param index="0">
              <value>
                <![CDATA["Login with credentails"]]>
              </value>
            </param>
            <param index="1">
              <value>
                <![CDATA["Log in to the website"]]>
              </value>
            </param>
          </params>
          <reporter-output>
          </reporter-output>
        </test-method> <!-- runScenario -->
        <test-method is-config="true" signature="tearDownClass()[pri:0, instance:testRunner.TestNgRunner@760245e1]" started-at="2025-02-20T13:17:33 CST" name="tearDownClass" finished-at="2025-02-20T13:17:33 CST" duration-ms="55" status="PASS">
          <reporter-output>
          </reporter-output>
        </test-method> <!-- tearDownClass -->
      </class> <!-- testRunner.TestNgRunner -->
    </test> <!-- Edge Testng -->
  </suite> <!-- Suite (0) -->
</testng-results>
